<?xml version="1.0" encoding="UTF-8"?>
<testsuite xmlns:xsi="http://www.w3.org/2001/XMLSchema-instance" xsi:noNamespaceSchemaLocation="https://maven.apache.org/surefire/maven-surefire-plugin/xsd/surefire-test-report.xsd" version="3.0.2" name="com.github.rorymurphy.fluentquery.e2e.FluentQueryE2ETest" time="0.059" tests="4" errors="0" skipped="0" failures="0">
  <properties>
[...]
</properties>
  <testcase name="groupByHavingAndMysqlDialectRenderCorrectly" classname="com.github.rorymurphy.fluentquery.e2e.FluentQueryE2ETest" time="0.024"/>
  <testcase name="generatedQClassBuildsAndRendersSql" classname="com.github.rorymurphy.fluentquery.e2e.FluentQueryE2ETest" time="0.013"/>
  <testcase name="whereShortcutMethodsRenderCorrectly" classname="com.github.rorymurphy.fluentquery.e2e.FluentQueryE2ETest" time="0.002"/>
  <testcase name="selfJoinUsesDistinctAliasesAndAliasBasedJoinedRowAccess" classname="com.github.rorymurphy.fluentquery.e2e.FluentQueryE2ETest" time="0.003"/>
</testsuite>